[2026-03-28T00:59:57.345Z] GET http://localhost:5173/dashboard/v1 → 200 (19ms, 740B)
[2026-03-28T00:59:57.378Z] GET http://localhost:5173/@vite/client → 200 (18ms, 204467B)
[2026-03-28T00:59:57.378Z] GET https://fonts.googleapis.com/css2?family=Inter:wght@300;400;500;600;700;800;900&family=JetBrains+Mono:wght@400;500;600;700&display=swap → 200 (241ms, 27241B)
[2026-03-28T00:59:57.379Z] GET http://localhost:5173/src/main.ts?t=1774658764060 → 200 (16ms, 1114B)
[2026-03-28T00:59:57.398Z] GET http://localhost:5173/node_modules/.vite/deps/vue.js?v=43e7f08c → 200 (5ms, 25891B)
[2026-03-28T00:59:57.398Z] GET http://localhost:5173/node_modules/.vite/deps/pinia.js?v=43e7f08c → 200 (13ms, 152273B)
[2026-03-28T00:59:57.398Z] GET http://localhost:5173/src/App.vue → 200 (9ms, 2688B)
[2026-03-28T00:59:57.398Z] GET http://localhost:5173/src/router/index.ts?t=1774658764060 → 200 (9ms, 25451B)
[2026-03-28T00:59:57.398Z] GET http://localhost:5173/src/assets/styles/tokens.css?t=1774658764060 → 200 (11ms, 143353B)
[2026-03-28T00:59:57.398Z] GET http://localhost:5173/node_modules/vite/dist/client/env.mjs → 200 (9ms, 3895B)
[2026-03-28T00:59:57.405Z] GET http://localhost:5173/node_modules/.vite/deps/vue.runtime.esm-bundler-Cg9CpxwA.js?v=43e7f08c → 200 (15ms, 321650B)
[2026-03-28T00:59:57.407Z] GET http://localhost:5173/src/stores/theme.ts → 200 (7ms, 2377B)
[2026-03-28T00:59:57.407Z] GET http://localhost:5173/src/components/ui/WxToast.vue → 200 (8ms, 9327B)
[2026-03-28T00:59:57.408Z] GET http://localhost:5173/@id/__x00__plugin-vue:export-helper → 200 (7ms, 1074B)
[2026-03-28T00:59:57.409Z] GET http://localhost:5173/node_modules/.vite/deps/vue-router.js?v=43e7f08c → 200 (8ms, 105451B)
[2026-03-28T00:59:57.415Z] GET http://localhost:5173/node_modules/.vite/deps/lucide-vue-next.js?v=43e7f08c → 200 (33ms, 1243293B)
[2026-03-28T00:59:57.415Z] GET http://localhost:5173/src/composables/useToast.ts → 200 (12ms, 2015B)
[2026-03-28T00:59:57.415Z] GET http://localhost:5173/src/components/ui/WxToast.vue?vue&type=style&index=0&scoped=10b2b8a4&lang.css → 200 (12ms, 1011B)
[2026-03-28T00:59:57.433Z] GET http://localhost:5173/src/stores/toast.ts → 200 (1ms, 2559B)
[2026-03-28T00:59:57.710Z] GET http://localhost:5173/src/layouts/DefaultLayout.vue?t=1774658011316 → 200 (19ms, 18393B)
[2026-03-28T00:59:57.711Z] GET http://localhost:5173/src/views/dashboard/DashboardV1.vue → 200 (19ms, 17942B)
[2026-03-28T00:59:57.732Z] GET http://localhost:5173/src/stores/sidebar.ts → 200 (5ms, 4003B)
[2026-03-28T00:59:57.732Z] GET http://localhost:5173/src/stores/ui.ts → 200 (7ms, 4362B)
[2026-03-28T00:59:57.732Z] GET http://localhost:5173/src/components/layout/WxSideNav.vue → 200 (14ms, 45362B)
[2026-03-28T00:59:57.732Z] GET http://localhost:5173/src/components/layout/WxThemeToggle.vue → 200 (9ms, 4678B)
[2026-03-28T00:59:57.732Z] GET http://localhost:5173/src/components/layout/WxNotificationDropdown.vue?t=1774657997574 → 200 (13ms, 13552B)
[2026-03-28T00:59:57.732Z] GET http://localhost:5173/src/components/layout/WxMessageDropdown.vue?t=1774658005341 → 200 (12ms, 13282B)
[2026-03-28T00:59:57.732Z] GET http://localhost:5173/src/components/layout/WxUserMenu.vue?t=1774658011316 → 200 (19ms, 11522B)
[2026-03-28T00:59:57.733Z] GET http://localhost:5173/src/components/layout/WxFooter.vue → 200 (18ms, 2862B)
[2026-03-28T00:59:57.733Z] GET http://localhost:5173/src/components/layout/WxRightSidePanel.vue → 200 (20ms, 19953B)
[2026-03-28T00:59:57.733Z] GET http://localhost:5173/src/layouts/DefaultLayout.vue?vue&type=style&index=0&scoped=75d0be1e&lang.css → 200 (18ms, 795B)
[2026-03-28T00:59:57.733Z] GET http://localhost:5173/src/components/ui/WxPageHeader.vue → 200 (19ms, 4516B)
[2026-03-28T00:59:57.733Z] GET http://localhost:5173/src/components/ui/WxStatCard.vue → 200 (20ms, 6706B)
[2026-03-28T00:59:57.733Z] GET http://localhost:5173/src/components/ui/WxCard.vue → 200 (19ms, 4316B)
[2026-03-28T00:59:57.734Z] GET http://localhost:5173/src/components/ui/WxBadge.vue → 200 (19ms, 7283B)
[2026-03-28T00:59:57.742Z] GET http://localhost:5173/src/components/layout/WxThemeToggle.vue?vue&type=style&index=0&scoped=0923dcd7&lang.css → 200 (19ms, 960B)
[2026-03-28T00:59:57.745Z] GET http://localhost:5173/src/components/layout/WxMessageDropdown.vue?vue&type=style&index=0&scoped=9df425b8&lang.css → 200 (16ms, 894B)
[2026-03-28T00:59:57.750Z] GET http://localhost:5173/src/components/layout/WxNotificationDropdown.vue?vue&type=style&index=0&scoped=6a5c3ddf&lang.css → 200 (11ms, 904B)
[2026-03-28T00:59:57.750Z] GET http://localhost:5173/src/components/layout/WxSideNav.vue?vue&type=style&index=0&scoped=f1976a2d&lang.css → 200 (11ms, 1113B)
[2026-03-28T00:59:57.753Z] GET http://localhost:5173/src/components/layout/WxUserMenu.vue?vue&type=style&index=0&scoped=a290fe4a&lang.css → 200 (8ms, 880B)
[2026-03-28T00:59:57.761Z] GET http://localhost:5173/src/components/layout/WxRightSidePanel.vue?vue&type=style&index=0&scoped=f37436f0&lang.css → 200 (1ms, 1047B)
[2026-03-28T00:59:58.152Z] GET https://fonts.gstatic.com/s/inter/v20/UcC73FwrK3iLTeHuS_nVMrMxCp50SjIa1ZL7.woff2 → pending (?ms, ?B)
[2026-03-28T01:00:32.559Z] GET http://localhost:5173/auth/login → 200 (3ms, 740B)
[2026-03-28T01:00:32.569Z] GET http://localhost:5173/@vite/client → 200 (5ms, 204467B)
[2026-03-28T01:00:32.569Z] GET https://fonts.googleapis.com/css2?family=Inter:wght@300;400;500;600;700;800;900&family=JetBrains+Mono:wght@400;500;600;700&display=swap → 200 (?ms, 27241B)
[2026-03-28T01:00:32.569Z] GET http://localhost:5173/src/main.ts?t=1774658764060 → 200 (1ms, 1114B)
[2026-03-28T01:00:32.571Z] GET http://localhost:5173/node_modules/.vite/deps/vue.js?v=43e7f08c → 200 (?ms, 25891B)
[2026-03-28T01:00:32.572Z] GET http://localhost:5173/node_modules/.vite/deps/pinia.js?v=43e7f08c → 200 (?ms, 152273B)
[2026-03-28T01:00:32.572Z] GET http://localhost:5173/src/App.vue → 200 (2ms, 2688B)
[2026-03-28T01:00:32.572Z] GET http://localhost:5173/src/router/index.ts?t=1774658764060 → 200 (5ms, 25451B)
[2026-03-28T01:00:32.572Z] GET http://localhost:5173/src/assets/styles/tokens.css?t=1774658764060 → 200 (5ms, 143353B)
[2026-03-28T01:00:32.572Z] GET http://localhost:5173/node_modules/.vite/deps/vue.runtime.esm-bundler-Cg9CpxwA.js?v=43e7f08c → 200 (?ms, 321650B)
[2026-03-28T01:00:32.574Z] GET http://localhost:5173/node_modules/vite/dist/client/env.mjs → 200 (3ms, 3895B)
[2026-03-28T01:00:32.577Z] GET http://localhost:5173/src/stores/theme.ts → 200 (4ms, 2377B)
[2026-03-28T01:00:32.577Z] GET http://localhost:5173/src/components/ui/WxToast.vue → 200 (4ms, 9327B)
[2026-03-28T01:00:32.577Z] GET http://localhost:5173/@id/__x00__plugin-vue:export-helper → 200 (4ms, 1074B)
[2026-03-28T01:00:32.577Z] GET http://localhost:5173/node_modules/.vite/deps/vue-router.js?v=43e7f08c → 200 (1ms, 105451B)
[2026-03-28T01:00:32.581Z] GET http://localhost:5173/node_modules/.vite/deps/lucide-vue-next.js?v=43e7f08c → 200 (?ms, 1243293B)
[2026-03-28T01:00:32.581Z] GET http://localhost:5173/src/composables/useToast.ts → 200 (3ms, 2015B)
[2026-03-28T01:00:32.581Z] GET http://localhost:5173/src/components/ui/WxToast.vue?vue&type=style&index=0&scoped=10b2b8a4&lang.css → 200 (3ms, 1011B)
[2026-03-28T01:00:32.582Z] GET https://fonts.gstatic.com/s/inter/v20/UcC73FwrK3iLTeHuS_nVMrMxCp50SjIa1ZL7.woff2 → 200 (?ms, ?B)
[2026-03-28T01:00:32.585Z] GET http://localhost:5173/src/stores/toast.ts → 200 (?ms, 2559B)
[2026-03-28T01:00:32.596Z] GET http://localhost:5173/src/layouts/AuthLayout.vue → pending (?ms, ?B)
[2026-03-28T01:00:32.596Z] GET http://localhost:5173/src/views/auth/LoginView.vue?t=1774658715866 → pending (?ms, ?B)
[2026-03-28T01:00:32.644Z] GET http://localhost:5173/src/components/ui/WxInput.vue → 200 (2ms, 8734B)
[2026-03-28T01:00:32.644Z] GET http://localhost:5173/src/components/ui/WxPasswordInput.vue → 200 (3ms, 11277B)
[2026-03-28T01:00:32.644Z] GET http://localhost:5173/src/components/ui/WxCheckbox.vue → 200 (4ms, 8182B)
[2026-03-28T01:00:32.644Z] GET http://localhost:5173/src/components/ui/WxButton.vue → 200 (4ms, 9045B)
[2026-03-28T01:01:05.223Z] GET http://localhost:5173/forms/general → 200 (4ms, 740B)
[2026-03-28T01:01:05.243Z] GET http://localhost:5173/@vite/client → 200 (10ms, 204467B)
[2026-03-28T01:01:05.244Z] GET https://fonts.googleapis.com/css2?family=Inter:wght@300;400;500;600;700;800;900&family=JetBrains+Mono:wght@400;500;600;700&display=swap → 200 (?ms, 27241B)
[2026-03-28T01:01:05.244Z] GET http://localhost:5173/src/main.ts?t=1774658764060 → 200 (1ms, 1114B)
[2026-03-28T01:01:05.247Z] GET https://fonts.gstatic.com/s/inter/v20/UcC73FwrK3iLTeHuS_nVMrMxCp50SjIa1ZL7.woff2 → 200 (?ms, ?B)
[2026-03-28T01:01:05.251Z] GET http://localhost:5173/node_modules/.vite/deps/vue.js?v=43e7f08c → 200 (?ms, 25891B)
[2026-03-28T01:01:05.252Z] GET http://localhost:5173/node_modules/.vite/deps/pinia.js?v=43e7f08c → 200 (?ms, 152273B)
[2026-03-28T01:01:05.252Z] GET http://localhost:5173/src/App.vue → 200 (6ms, 2688B)
[2026-03-28T01:01:05.253Z] GET http://localhost:5173/src/router/index.ts?t=1774658764060 → 200 (6ms, 25451B)
[2026-03-28T01:01:05.253Z] GET http://localhost:5173/src/assets/styles/tokens.css?t=1774658764060 → 200 (11ms, 143353B)
[2026-03-28T01:01:05.253Z] GET http://localhost:5173/node_modules/.vite/deps/vue.runtime.esm-bundler-Cg9CpxwA.js?v=43e7f08c → 200 (?ms, 321650B)
[2026-03-28T01:01:05.254Z] GET http://localhost:5173/node_modules/vite/dist/client/env.mjs → 200 (4ms, 3895B)
[2026-03-28T01:01:05.258Z] GET http://localhost:5173/src/stores/theme.ts → 200 (6ms, 2377B)
[2026-03-28T01:01:05.258Z] GET http://localhost:5173/src/components/ui/WxToast.vue → 200 (6ms, 9327B)
[2026-03-28T01:01:05.258Z] GET http://localhost:5173/@id/__x00__plugin-vue:export-helper → 200 (6ms, 1074B)
[2026-03-28T01:01:05.263Z] GET http://localhost:5173/node_modules/.vite/deps/vue-router.js?v=43e7f08c → 200 (?ms, 105451B)
[2026-03-28T01:01:05.264Z] GET http://localhost:5173/node_modules/.vite/deps/lucide-vue-next.js?v=43e7f08c → 200 (?ms, 1243293B)
[2026-03-28T01:01:05.264Z] GET http://localhost:5173/src/composables/useToast.ts → 200 (1ms, 2015B)
[2026-03-28T01:01:05.265Z] GET http://localhost:5173/src/components/ui/WxToast.vue?vue&type=style&index=0&scoped=10b2b8a4&lang.css → 200 (?ms, 1011B)
[2026-03-28T01:01:05.265Z] GET http://localhost:5173/src/stores/toast.ts → 200 (2ms, 2559B)
[2026-03-28T01:01:05.275Z] GET http://localhost:5173/src/layouts/DefaultLayout.vue?t=1774658011316 → 200 (31ms, 18393B)
[2026-03-28T01:01:05.276Z] GET http://localhost:5173/src/views/forms/GeneralView.vue → 200 (30ms, 54999B)
[2026-03-28T01:01:05.307Z] GET http://localhost:5173/src/stores/sidebar.ts → 200 (4ms, 4003B)
[2026-03-28T01:01:05.307Z] GET http://localhost:5173/src/stores/ui.ts → 200 (5ms, 4362B)
[2026-03-28T01:01:05.307Z] GET http://localhost:5173/src/components/layout/WxSideNav.vue → 200 (9ms, 45362B)
[2026-03-28T01:01:05.307Z] GET http://localhost:5173/src/components/layout/WxThemeToggle.vue → 200 (9ms, 4678B)
[2026-03-28T01:01:05.307Z] GET http://localhost:5173/src/components/layout/WxNotificationDropdown.vue?t=1774657997574 → 200 (14ms, 13552B)
[2026-03-28T01:01:05.307Z] GET http://localhost:5173/src/components/layout/WxMessageDropdown.vue?t=1774658005341 → 200 (15ms, 13282B)
[2026-03-28T01:01:05.307Z] GET http://localhost:5173/src/components/layout/WxUserMenu.vue?t=1774658011316 → 200 (15ms, 11522B)
[2026-03-28T01:01:05.307Z] GET http://localhost:5173/src/components/layout/WxFooter.vue → 200 (26ms, 2862B)
[2026-03-28T01:01:05.307Z] GET http://localhost:5173/src/components/layout/WxRightSidePanel.vue → 200 (25ms, 19953B)
[2026-03-28T01:01:05.307Z] GET http://localhost:5173/src/layouts/DefaultLayout.vue?vue&type=style&index=0&scoped=75d0be1e&lang.css → 200 (27ms, 795B)
[2026-03-28T01:01:05.307Z] GET http://localhost:5173/src/components/ui/WxPageHeader.vue → 200 (27ms, 4516B)
[2026-03-28T01:01:05.307Z] GET http://localhost:5173/src/components/ui/WxButton.vue → 200 (27ms, 9045B)
[2026-03-28T01:01:05.307Z] GET http://localhost:5173/src/components/ui/WxInput.vue → 200 (28ms, 8734B)
[2026-03-28T01:01:05.307Z] GET http://localhost:5173/src/components/ui/WxPasswordInput.vue → 200 (28ms, 11277B)
[2026-03-28T01:01:05.308Z] GET http://localhost:5173/src/components/ui/WxTextarea.vue → 200 (14ms, 5563B)
[2026-03-28T01:01:05.308Z] GET http://localhost:5173/src/components/ui/WxInputNumber.vue → 200 (24ms, 10927B)
[2026-03-28T01:01:05.308Z] GET http://localhost:5173/src/components/ui/WxSelect.vue → 200 (25ms, 11678B)
[2026-03-28T01:01:05.308Z] GET http://localhost:5173/src/components/ui/WxMultiSelect.vue → 200 (25ms, 15872B)
[2026-03-28T01:01:05.308Z] GET http://localhost:5173/src/components/ui/WxDropdown.vue → 200 (25ms, 6287B)
[2026-03-28T01:01:05.308Z] GET http://localhost:5173/src/components/ui/WxSwitch.vue → 200 (26ms, 7099B)
[2026-03-28T01:01:05.308Z] GET http://localhost:5173/src/components/ui/WxRadio.vue → 200 (26ms, 6238B)
[2026-03-28T01:01:05.308Z] GET http://localhost:5173/src/components/ui/WxCheckbox.vue → 200 (28ms, 8182B)
[2026-03-28T01:01:05.308Z] GET http://localhost:5173/src/components/ui/WxSlider.vue → 200 (27ms, 8770B)
[2026-03-28T01:01:05.308Z] GET http://localhost:5173/src/components/ui/WxCard.vue → 200 (28ms, 4316B)
[2026-03-28T01:01:05.316Z] GET http://localhost:5173/src/components/layout/WxSideNav.vue?vue&type=style&index=0&scoped=f1976a2d&lang.css → 200 (19ms, 1113B)
[2026-03-28T01:01:05.317Z] GET http://localhost:5173/src/components/layout/WxThemeToggle.vue?vue&type=style&index=0&scoped=0923dcd7&lang.css → 200 (18ms, 960B)
[2026-03-28T01:01:05.322Z] GET http://localhost:5173/src/components/layout/WxNotificationDropdown.vue?vue&type=style&index=0&scoped=6a5c3ddf&lang.css → 200 (13ms, 904B)
[2026-03-28T01:01:05.322Z] GET http://localhost:5173/src/components/layout/WxMessageDropdown.vue?vue&type=style&index=0&scoped=9df425b8&lang.css → 200 (14ms, 894B)
[2026-03-28T01:01:05.323Z] GET http://localhost:5173/src/components/layout/WxUserMenu.vue?vue&type=style&index=0&scoped=a290fe4a&lang.css → 200 (13ms, 880B)
[2026-03-28T01:01:05.333Z] GET http://localhost:5173/src/components/layout/WxRightSidePanel.vue?vue&type=style&index=0&scoped=f37436f0&lang.css → 200 (3ms, 1047B)
[2026-03-28T01:01:22.039Z] GET http://localhost:5173/ui/modals → 200 (4ms, ?B)
[2026-03-28T01:01:22.047Z] GET http://localhost:5173/@vite/client → 304 (3ms, ?B)
[2026-03-28T01:01:22.050Z] GET https://fonts.googleapis.com/css2?family=Inter:wght@300;400;500;600;700;800;900&family=JetBrains+Mono:wght@400;500;600;700&display=swap → 200 (?ms, ?B)
[2026-03-28T01:01:22.050Z] GET http://localhost:5173/src/main.ts?t=1774658764060 → 304 (1ms, ?B)
[2026-03-28T01:01:22.052Z] GET http://localhost:5173/node_modules/vite/dist/client/env.mjs → 304 (4ms, ?B)
[2026-03-28T01:01:22.054Z] GET http://localhost:5173/node_modules/.vite/deps/vue.js?v=43e7f08c → 200 (1ms, ?B)
[2026-03-28T01:01:22.056Z] GET http://localhost:5173/node_modules/.vite/deps/pinia.js?v=43e7f08c → 200 (?ms, ?B)
[2026-03-28T01:01:22.056Z] GET http://localhost:5173/src/App.vue → 304 (1ms, ?B)
[2026-03-28T01:01:22.056Z] GET http://localhost:5173/src/router/index.ts?t=1774658764060 → 304 (3ms, ?B)
[2026-03-28T01:01:22.056Z] GET http://localhost:5173/src/assets/styles/tokens.css?t=1774658764060 → 304 (3ms, ?B)
[2026-03-28T01:01:22.056Z] GET http://localhost:5173/node_modules/.vite/deps/vue.runtime.esm-bundler-Cg9CpxwA.js?v=43e7f08c → 200 (?ms, ?B)
[2026-03-28T01:01:22.059Z] GET http://localhost:5173/src/stores/theme.ts → 304 (4ms, ?B)
[2026-03-28T01:01:22.059Z] GET http://localhost:5173/src/components/ui/WxToast.vue → 304 (4ms, ?B)
[2026-03-28T01:01:22.059Z] GET http://localhost:5173/@id/__x00__plugin-vue:export-helper → 304 (4ms, ?B)
[2026-03-28T01:01:22.060Z] GET http://localhost:5173/node_modules/.vite/deps/vue-router.js?v=43e7f08c → 200 (?ms, ?B)
[2026-03-28T01:01:22.063Z] GET http://localhost:5173/node_modules/.vite/deps/lucide-vue-next.js?v=43e7f08c → 200 (?ms, ?B)
[2026-03-28T01:01:22.064Z] GET http://localhost:5173/src/composables/useToast.ts → 304 (?ms, ?B)
[2026-03-28T01:01:22.064Z] GET http://localhost:5173/src/components/ui/WxToast.vue?vue&type=style&index=0&scoped=10b2b8a4&lang.css → 304 (1ms, ?B)
[2026-03-28T01:01:22.064Z] GET https://fonts.gstatic.com/s/inter/v20/UcC73FwrK3iLTeHuS_nVMrMxCp50SjIa1ZL7.woff2 → 200 (?ms, ?B)
[2026-03-28T01:01:22.065Z] GET http://localhost:5173/src/stores/toast.ts → 304 (1ms, ?B)
[2026-03-28T01:01:22.075Z] GET http://localhost:5173/src/layouts/DefaultLayout.vue?t=1774658011316 → 304 (27ms, ?B)
[2026-03-28T01:01:22.075Z] GET http://localhost:5173/src/views/ui/ModalsView.vue?t=1774658473761 → 200 (28ms, 70882B)
[2026-03-28T01:01:22.103Z] GET http://localhost:5173/src/stores/sidebar.ts → 304 (1ms, ?B)
[2026-03-28T01:01:22.103Z] GET http://localhost:5173/src/stores/ui.ts → 304 (3ms, ?B)
[2026-03-28T01:01:22.103Z] GET http://localhost:5173/src/components/layout/WxSideNav.vue → 304 (3ms, ?B)
[2026-03-28T01:01:22.103Z] GET http://localhost:5173/src/components/layout/WxThemeToggle.vue → 304 (5ms, ?B)
[2026-03-28T01:01:22.103Z] GET http://localhost:5173/src/components/layout/WxNotificationDropdown.vue?t=1774657997574 → 304 (10ms, ?B)
[2026-03-28T01:01:22.103Z] GET http://localhost:5173/src/components/layout/WxMessageDropdown.vue?t=1774658005341 → 304 (14ms, ?B)
[2026-03-28T01:01:22.103Z] GET http://localhost:5173/src/components/layout/WxUserMenu.vue?t=1774658011316 → 304 (15ms, ?B)
[2026-03-28T01:01:22.103Z] GET http://localhost:5173/src/components/layout/WxFooter.vue → 304 (9ms, ?B)
[2026-03-28T01:01:22.103Z] GET http://localhost:5173/src/components/layout/WxRightSidePanel.vue → 304 (10ms, ?B)
[2026-03-28T01:01:22.104Z] GET http://localhost:5173/src/layouts/DefaultLayout.vue?vue&type=style&index=0&scoped=75d0be1e&lang.css → 304 (14ms, ?B)
[2026-03-28T01:01:22.104Z] GET http://localhost:5173/src/components/ui/WxPageHeader.vue → 304 (14ms, ?B)
[2026-03-28T01:01:22.104Z] GET http://localhost:5173/src/components/ui/WxCard.vue → 304 (14ms, ?B)
[2026-03-28T01:01:22.104Z] GET http://localhost:5173/src/components/ui/WxButton.vue → 304 (14ms, ?B)
[2026-03-28T01:01:22.104Z] GET http://localhost:5173/src/components/ui/WxModal.vue?t=1774658441608 → 200 (14ms, 11372B)
[2026-03-28T01:01:22.104Z] GET http://localhost:5173/src/components/ui/WxConfirmDialog.vue?t=1774658441608 → 200 (15ms, 9893B)
[2026-03-28T01:01:22.104Z] GET http://localhost:5173/src/components/ui/WxDrawer.vue → 200 (15ms, 12250B)
[2026-03-28T01:01:22.104Z] GET http://localhost:5173/src/components/ui/WxInput.vue → 304 (15ms, ?B)
[2026-03-28T01:01:22.104Z] GET http://localhost:5173/src/components/ui/WxSelect.vue → 304 (15ms, ?B)
[2026-03-28T01:01:22.104Z] GET http://localhost:5173/src/components/ui/WxTextarea.vue → 304 (16ms, ?B)
[2026-03-28T01:01:22.104Z] GET http://localhost:5173/src/components/ui/WxSwitch.vue → 304 (19ms, ?B)
[2026-03-28T01:01:22.104Z] GET http://localhost:5173/src/components/ui/WxTabs.vue → 200 (15ms, 6165B)
[2026-03-28T01:01:22.104Z] GET http://localhost:5173/src/components/ui/WxSlider.vue → 304 (19ms, ?B)
[2026-03-28T01:01:22.107Z] GET http://localhost:5173/src/components/layout/WxSideNav.vue?vue&type=style&index=0&scoped=f1976a2d&lang.css → 304 (16ms, ?B)
[2026-03-28T01:01:22.109Z] GET http://localhost:5173/src/components/layout/WxThemeToggle.vue?vue&type=style&index=0&scoped=0923dcd7&lang.css → 304 (14ms, ?B)
[2026-03-28T01:01:22.117Z] GET http://localhost:5173/src/components/layout/WxNotificationDropdown.vue?vue&type=style&index=0&scoped=6a5c3ddf&lang.css → 304 (6ms, ?B)
[2026-03-28T01:01:22.117Z] GET http://localhost:5173/src/components/layout/WxRightSidePanel.vue?vue&type=style&index=0&scoped=f37436f0&lang.css → 304 (6ms, ?B)
[2026-03-28T01:01:22.119Z] GET http://localhost:5173/src/components/layout/WxMessageDropdown.vue?vue&type=style&index=0&scoped=9df425b8&lang.css → 304 (5ms, ?B)
[2026-03-28T01:01:22.119Z] GET http://localhost:5173/src/components/layout/WxUserMenu.vue?vue&type=style&index=0&scoped=a290fe4a&lang.css → 304 (5ms, ?B)
[2026-03-28T01:01:22.119Z] GET http://localhost:5173/src/components/ui/WxModal.vue?vue&type=style&index=0&scoped=71c425c9&lang.css → 200 (5ms, 1168B)
[2026-03-28T01:01:22.119Z] GET http://localhost:5173/src/components/ui/WxDrawer.vue?vue&type=style&index=0&scoped=37e5d4b1&lang.css → 200 (6ms, 1332B)
[2026-03-28T01:01:39.941Z] GET http://localhost:5173/examples/kanban → 200 (4ms, 740B)
[2026-03-28T01:01:39.949Z] GET http://localhost:5173/@vite/client → 200 (5ms, 204467B)
[2026-03-28T01:01:39.950Z] GET https://fonts.googleapis.com/css2?family=Inter:wght@300;400;500;600;700;800;900&family=JetBrains+Mono:wght@400;500;600;700&display=swap → 200 (?ms, 27241B)
[2026-03-28T01:01:39.951Z] GET http://localhost:5173/src/main.ts?t=1774658764060 → 200 (1ms, 1114B)
[2026-03-28T01:01:39.952Z] GET http://localhost:5173/node_modules/.vite/deps/vue.js?v=43e7f08c → 200 (?ms, 25891B)
[2026-03-28T01:01:39.952Z] GET http://localhost:5173/node_modules/.vite/deps/pinia.js?v=43e7f08c → 200 (?ms, 152273B)
[2026-03-28T01:01:39.953Z] GET http://localhost:5173/src/App.vue → 200 (4ms, 2688B)
[2026-03-28T01:01:39.953Z] GET http://localhost:5173/src/router/index.ts?t=1774658764060 → 200 (5ms, 25451B)
[2026-03-28T01:01:39.953Z] GET http://localhost:5173/src/assets/styles/tokens.css?t=1774658764060 → 200 (9ms, 143353B)
[2026-03-28T01:01:39.954Z] GET http://localhost:5173/node_modules/.vite/deps/vue.runtime.esm-bundler-Cg9CpxwA.js?v=43e7f08c → 200 (?ms, 321650B)
[2026-03-28T01:01:39.955Z] GET http://localhost:5173/node_modules/vite/dist/client/env.mjs → 200 (3ms, 3895B)
[2026-03-28T01:01:39.958Z] GET http://localhost:5173/src/stores/theme.ts → 200 (4ms, 2377B)
[2026-03-28T01:01:39.958Z] GET http://localhost:5173/src/components/ui/WxToast.vue → 200 (5ms, 9327B)
[2026-03-28T01:01:39.958Z] GET http://localhost:5173/@id/__x00__plugin-vue:export-helper → 200 (4ms, 1074B)
[2026-03-28T01:01:39.962Z] GET http://localhost:5173/node_modules/.vite/deps/vue-router.js?v=43e7f08c → 200 (?ms, 105451B)
[2026-03-28T01:01:39.962Z] GET https://fonts.gstatic.com/s/inter/v20/UcC73FwrK3iLTeHuS_nVMrMxCp50SjIa1ZL7.woff2 → 200 (?ms, ?B)
[2026-03-28T01:01:39.963Z] GET http://localhost:5173/node_modules/.vite/deps/lucide-vue-next.js?v=43e7f08c → 200 (?ms, 1243293B)
[2026-03-28T01:01:39.963Z] GET http://localhost:5173/src/composables/useToast.ts → 200 (3ms, 2015B)
[2026-03-28T01:01:39.963Z] GET http://localhost:5173/src/components/ui/WxToast.vue?vue&type=style&index=0&scoped=10b2b8a4&lang.css → 200 (3ms, 1011B)
[2026-03-28T01:01:39.966Z] GET http://localhost:5173/src/stores/toast.ts → 200 (?ms, 2559B)
[2026-03-28T01:01:39.988Z] GET http://localhost:5173/src/layouts/DefaultLayout.vue?t=1774658011316 → 200 (25ms, 18393B)
[2026-03-28T01:01:39.988Z] GET http://localhost:5173/src/views/examples/KanbanView.vue → 200 (26ms, 23405B)
[2026-03-28T01:01:40.014Z] GET http://localhost:5173/src/stores/sidebar.ts → 200 (?ms, 4003B)
[2026-03-28T01:01:40.014Z] GET http://localhost:5173/src/stores/ui.ts → 200 (3ms, 4362B)
[2026-03-28T01:01:40.014Z] GET http://localhost:5173/src/components/layout/WxSideNav.vue → 200 (5ms, 45362B)
[2026-03-28T01:01:40.014Z] GET http://localhost:5173/src/components/layout/WxThemeToggle.vue → 200 (6ms, 4678B)
[2026-03-28T01:01:40.014Z] GET http://localhost:5173/src/components/layout/WxNotificationDropdown.vue?t=1774657997574 → 200 (10ms, 13552B)
[2026-03-28T01:01:40.014Z] GET http://localhost:5173/src/components/layout/WxMessageDropdown.vue?t=1774658005341 → 200 (10ms, 13282B)
[2026-03-28T01:01:40.014Z] GET http://localhost:5173/src/components/layout/WxUserMenu.vue?t=1774658011316 → 200 (9ms, 11522B)
[2026-03-28T01:01:40.014Z] GET http://localhost:5173/src/components/layout/WxFooter.vue → 200 (9ms, 2862B)
[2026-03-28T01:01:40.014Z] GET http://localhost:5173/src/components/layout/WxRightSidePanel.vue → 200 (11ms, 19953B)
[2026-03-28T01:01:40.014Z] GET http://localhost:5173/src/layouts/DefaultLayout.vue?vue&type=style&index=0&scoped=75d0be1e&lang.css → 200 (11ms, 795B)
[2026-03-28T01:01:40.014Z] GET http://localhost:5173/src/components/ui/WxPageHeader.vue → 200 (11ms, 4516B)
[2026-03-28T01:01:40.014Z] GET http://localhost:5173/src/components/ui/WxBadge.vue → 200 (11ms, 7283B)
[2026-03-28T01:01:40.014Z] GET http://localhost:5173/src/components/ui/WxAvatar.vue → 200 (9ms, 8461B)
[2026-03-28T01:01:40.014Z] GET http://localhost:5173/src/components/ui/WxButton.vue → 200 (15ms, 9045B)
[2026-03-28T01:01:40.023Z] GET http://localhost:5173/src/components/layout/WxSideNav.vue?vue&type=style&index=0&scoped=f1976a2d&lang.css → 200 (7ms, 1113B)
[2026-03-28T01:01:40.023Z] GET http://localhost:5173/src/components/layout/WxThemeToggle.vue?vue&type=style&index=0&scoped=0923dcd7&lang.css → 200 (7ms, 960B)
[2026-03-28T01:01:40.026Z] GET http://localhost:5173/src/components/layout/WxUserMenu.vue?vue&type=style&index=0&scoped=a290fe4a&lang.css → 200 (5ms, 880B)
[2026-03-28T01:01:40.030Z] GET http://localhost:5173/src/components/layout/WxMessageDropdown.vue?vue&type=style&index=0&scoped=9df425b8&lang.css → 200 (1ms, 894B)
[2026-03-28T01:01:40.030Z] GET http://localhost:5173/src/components/layout/WxNotificationDropdown.vue?vue&type=style&index=0&scoped=6a5c3ddf&lang.css → 200 (1ms, 904B)
[2026-03-28T01:01:40.031Z] GET http://localhost:5173/src/components/layout/WxRightSidePanel.vue?vue&type=style&index=0&scoped=f37436f0&lang.css → 200 (1ms, 1047B)
[2026-03-28T01:01:57.405Z] GET http://localhost:5173/mailbox/inbox → 200 (4ms, 740B)
[2026-03-28T01:01:57.413Z] GET http://localhost:5173/@vite/client → 200 (6ms, 204467B)
[2026-03-28T01:01:57.414Z] GET https://fonts.googleapis.com/css2?family=Inter:wght@300;400;500;600;700;800;900&family=JetBrains+Mono:wght@400;500;600;700&display=swap → 200 (?ms, 27241B)
[2026-03-28T01:01:57.414Z] GET http://localhost:5173/src/main.ts?t=1774658764060 → 200 (?ms, 1114B)
[2026-03-28T01:01:57.417Z] GET http://localhost:5173/node_modules/.vite/deps/vue.js?v=43e7f08c → 200 (?ms, 25891B)
[2026-03-28T01:01:57.417Z] GET http://localhost:5173/node_modules/.vite/deps/pinia.js?v=43e7f08c → 200 (?ms, 152273B)
[2026-03-28T01:01:57.417Z] GET http://localhost:5173/src/App.vue → 200 (5ms, 2688B)
[2026-03-28T01:01:57.417Z] GET http://localhost:5173/src/router/index.ts?t=1774658764060 → 200 (5ms, 25451B)
[2026-03-28T01:01:57.417Z] GET http://localhost:5173/src/assets/styles/tokens.css?t=1774658764060 → 200 (6ms, 143353B)
[2026-03-28T01:01:57.417Z] GET http://localhost:5173/node_modules/.vite/deps/vue.runtime.esm-bundler-Cg9CpxwA.js?v=43e7f08c → 200 (?ms, 321650B)
[2026-03-28T01:01:57.419Z] GET http://localhost:5173/node_modules/vite/dist/client/env.mjs → 200 (3ms, 3895B)
[2026-03-28T01:01:57.422Z] GET http://localhost:5173/src/stores/theme.ts → 200 (3ms, 2377B)
[2026-03-28T01:01:57.422Z] GET http://localhost:5173/src/components/ui/WxToast.vue → 200 (3ms, 9327B)
[2026-03-28T01:01:57.422Z] GET http://localhost:5173/@id/__x00__plugin-vue:export-helper → 200 (3ms, 1074B)
[2026-03-28T01:01:57.422Z] GET http://localhost:5173/node_modules/.vite/deps/vue-router.js?v=43e7f08c → 200 (?ms, 105451B)
[2026-03-28T01:01:57.426Z] GET http://localhost:5173/node_modules/.vite/deps/lucide-vue-next.js?v=43e7f08c → 200 (?ms, 1243293B)
[2026-03-28T01:01:57.426Z] GET http://localhost:5173/src/composables/useToast.ts → 200 (1ms, 2015B)
[2026-03-28T01:01:57.426Z] GET http://localhost:5173/src/components/ui/WxToast.vue?vue&type=style&index=0&scoped=10b2b8a4&lang.css → 200 (2ms, 1011B)
[2026-03-28T01:01:57.427Z] GET https://fonts.gstatic.com/s/inter/v20/UcC73FwrK3iLTeHuS_nVMrMxCp50SjIa1ZL7.woff2 → 200 (?ms, ?B)
[2026-03-28T01:01:57.428Z] GET http://localhost:5173/src/stores/toast.ts → 200 (1ms, 2559B)
[2026-03-28T01:01:57.440Z] GET http://localhost:5173/src/layouts/DefaultLayout.vue?t=1774658011316 → 200 (27ms, 18393B)
[2026-03-28T01:01:57.440Z] GET http://localhost:5173/src/views/mailbox/InboxView.vue → 200 (27ms, 26641B)
[2026-03-28T01:01:57.467Z] GET http://localhost:5173/src/stores/sidebar.ts → 200 (1ms, 4003B)
[2026-03-28T01:01:57.467Z] GET http://localhost:5173/src/stores/ui.ts → 200 (1ms, 4362B)
[2026-03-28T01:01:57.467Z] GET http://localhost:5173/src/components/layout/WxSideNav.vue → 200 (4ms, 45362B)
[2026-03-28T01:01:57.467Z] GET http://localhost:5173/src/components/layout/WxThemeToggle.vue → 200 (4ms, 4678B)
[2026-03-28T01:01:57.467Z] GET http://localhost:5173/src/components/layout/WxNotificationDropdown.vue?t=1774657997574 → 200 (7ms, 13552B)
[2026-03-28T01:01:57.467Z] GET http://localhost:5173/src/components/layout/WxMessageDropdown.vue?t=1774658005341 → 200 (8ms, 13282B)
[2026-03-28T01:01:57.467Z] GET http://localhost:5173/src/components/layout/WxUserMenu.vue?t=1774658011316 → 200 (8ms, 11522B)
[2026-03-28T01:01:57.467Z] GET http://localhost:5173/src/components/layout/WxFooter.vue → 200 (8ms, 2862B)
[2026-03-28T01:01:57.467Z] GET http://localhost:5173/src/components/layout/WxRightSidePanel.vue → 200 (13ms, 19953B)
[2026-03-28T01:01:57.467Z] GET http://localhost:5173/src/layouts/DefaultLayout.vue?vue&type=style&index=0&scoped=75d0be1e&lang.css → 200 (9ms, 795B)
[2026-03-28T01:01:57.467Z] GET http://localhost:5173/src/components/ui/WxPageHeader.vue → 200 (9ms, 4516B)
[2026-03-28T01:01:57.467Z] GET http://localhost:5173/src/components/ui/WxCard.vue → 200 (14ms, 4316B)
[2026-03-28T01:01:57.467Z] GET http://localhost:5173/src/components/ui/WxButton.vue → 200 (14ms, 9045B)
[2026-03-28T01:01:57.467Z] GET http://localhost:5173/src/components/ui/WxCheckbox.vue → 200 (14ms, 8182B)
[2026-03-28T01:01:57.467Z] GET http://localhost:5173/src/components/ui/WxBadge.vue → 200 (15ms, 7283B)
[2026-03-28T01:01:57.471Z] GET http://localhost:5173/src/components/layout/WxSideNav.vue?vue&type=style&index=0&scoped=f1976a2d&lang.css → 200 (11ms, 1113B)
[2026-03-28T01:01:57.471Z] GET http://localhost:5173/src/components/layout/WxThemeToggle.vue?vue&type=style&index=0&scoped=0923dcd7&lang.css → 200 (10ms, 960B)
[2026-03-28T01:01:57.475Z] GET http://localhost:5173/src/components/layout/WxNotificationDropdown.vue?vue&type=style&index=0&scoped=6a5c3ddf&lang.css → 200 (7ms, 904B)
[2026-03-28T01:01:57.475Z] GET http://localhost:5173/src/components/layout/WxMessageDropdown.vue?vue&type=style&index=0&scoped=9df425b8&lang.css → 200 (8ms, 894B)
[2026-03-28T01:01:57.475Z] GET http://localhost:5173/src/components/layout/WxUserMenu.vue?vue&type=style&index=0&scoped=a290fe4a&lang.css → 200 (8ms, 880B)
[2026-03-28T01:01:57.482Z] GET http://localhost:5173/src/components/layout/WxRightSidePanel.vue?vue&type=style&index=0&scoped=f37436f0&lang.css → 200 (1ms, 1047B)
[2026-03-28T01:02:11.126Z] GET http://localhost:5173/pages/invoice → 200 (4ms, 740B)
[2026-03-28T01:02:11.134Z] GET http://localhost:5173/@vite/client → 304 (2ms, ?B)
[2026-03-28T01:02:11.135Z] GET https://fonts.googleapis.com/css2?family=Inter:wght@300;400;500;600;700;800;900&family=JetBrains+Mono:wght@400;500;600;700&display=swap → 200 (?ms, 27241B)
[2026-03-28T01:02:11.135Z] GET http://localhost:5173/src/main.ts?t=1774658764060 → 304 (1ms, ?B)
[2026-03-28T01:02:11.137Z] GET http://localhost:5173/node_modules/vite/dist/client/env.mjs → 304 (4ms, ?B)
[2026-03-28T01:02:11.138Z] GET http://localhost:5173/node_modules/.vite/deps/vue.js?v=43e7f08c → 200 (?ms, 25891B)
[2026-03-28T01:02:11.138Z] GET http://localhost:5173/node_modules/.vite/deps/pinia.js?v=43e7f08c → 200 (?ms, 152273B)
[2026-03-28T01:02:11.139Z] GET http://localhost:5173/src/App.vue → 304 (2ms, ?B)
[2026-03-28T01:02:11.139Z] GET http://localhost:5173/src/router/index.ts?t=1774658764060 → 304 (2ms, ?B)
[2026-03-28T01:02:11.139Z] GET http://localhost:5173/src/assets/styles/tokens.css?t=1774658764060 → 304 (2ms, ?B)
[2026-03-28T01:02:11.139Z] GET http://localhost:5173/node_modules/.vite/deps/vue.runtime.esm-bundler-Cg9CpxwA.js?v=43e7f08c → 200 (?ms, 321650B)
[2026-03-28T01:02:11.144Z] GET http://localhost:5173/src/stores/theme.ts → 304 (3ms, ?B)
[2026-03-28T01:02:11.144Z] GET http://localhost:5173/src/components/ui/WxToast.vue → 304 (3ms, ?B)
[2026-03-28T01:02:11.144Z] GET http://localhost:5173/@id/__x00__plugin-vue:export-helper → 304 (3ms, ?B)
[2026-03-28T01:02:11.144Z] GET https://fonts.gstatic.com/s/inter/v20/UcC73FwrK3iLTeHuS_nVMrMxCp50SjIa1ZL7.woff2 → 200 (?ms, ?B)
[2026-03-28T01:02:11.145Z] GET http://localhost:5173/node_modules/.vite/deps/vue-router.js?v=43e7f08c → 200 (?ms, 105451B)
[2026-03-28T01:02:11.147Z] GET http://localhost:5173/node_modules/.vite/deps/lucide-vue-next.js?v=43e7f08c → 200 (?ms, 1243293B)
[2026-03-28T01:02:11.149Z] GET http://localhost:5173/src/composables/useToast.ts → 304 (1ms, ?B)
[2026-03-28T01:02:11.149Z] GET http://localhost:5173/src/components/ui/WxToast.vue?vue&type=style&index=0&scoped=10b2b8a4&lang.css → 304 (1ms, ?B)
[2026-03-28T01:02:11.150Z] GET http://localhost:5173/src/stores/toast.ts → 304 (?ms, ?B)
[2026-03-28T01:02:11.161Z] GET http://localhost:5173/src/layouts/DefaultLayout.vue?t=1774658011316 → 304 (23ms, ?B)
[2026-03-28T01:02:11.161Z] GET http://localhost:5173/src/views/pages/InvoiceView.vue → 200 (24ms, 26824B)
[2026-03-28T01:02:11.185Z] GET http://localhost:5173/src/stores/sidebar.ts → 304 (?ms, ?B)
[2026-03-28T01:02:11.185Z] GET http://localhost:5173/src/stores/ui.ts → 304 (5ms, ?B)
[2026-03-28T01:02:11.185Z] GET http://localhost:5173/src/components/layout/WxSideNav.vue → 304 (5ms, ?B)
[2026-03-28T01:02:11.185Z] GET http://localhost:5173/src/components/layout/WxThemeToggle.vue → 304 (6ms, ?B)
[2026-03-28T01:02:11.185Z] GET http://localhost:5173/src/components/layout/WxNotificationDropdown.vue?t=1774657997574 → 304 (6ms, ?B)
[2026-03-28T01:02:11.185Z] GET http://localhost:5173/src/components/layout/WxMessageDropdown.vue?t=1774658005341 → 304 (6ms, ?B)
[2026-03-28T01:02:11.185Z] GET http://localhost:5173/src/components/layout/WxUserMenu.vue?t=1774658011316 → 304 (7ms, ?B)
[2026-03-28T01:02:11.185Z] GET http://localhost:5173/src/components/layout/WxFooter.vue → 304 (6ms, ?B)
[2026-03-28T01:02:11.185Z] GET http://localhost:5173/src/components/layout/WxRightSidePanel.vue → 304 (6ms, ?B)
[2026-03-28T01:02:11.185Z] GET http://localhost:5173/src/layouts/DefaultLayout.vue?vue&type=style&index=0&scoped=75d0be1e&lang.css → 304 (7ms, ?B)
[2026-03-28T01:02:11.185Z] GET http://localhost:5173/src/components/ui/WxPageHeader.vue → 304 (7ms, ?B)
[2026-03-28T01:02:11.185Z] GET http://localhost:5173/src/components/ui/WxCard.vue → 304 (9ms, ?B)
[2026-03-28T01:02:11.185Z] GET http://localhost:5173/src/components/ui/WxButton.vue → 304 (9ms, ?B)
[2026-03-28T01:02:11.191Z] GET http://localhost:5173/src/components/layout/WxSideNav.vue?vue&type=style&index=0&scoped=f1976a2d&lang.css → 304 (4ms, ?B)
[2026-03-28T01:02:11.192Z] GET http://localhost:5173/src/components/layout/WxThemeToggle.vue?vue&type=style&index=0&scoped=0923dcd7&lang.css → 304 (3ms, ?B)
[2026-03-28T01:02:11.195Z] GET http://localhost:5173/src/components/layout/WxNotificationDropdown.vue?vue&type=style&index=0&scoped=6a5c3ddf&lang.css → 304 (?ms, ?B)
[2026-03-28T01:02:11.195Z] GET http://localhost:5173/src/components/layout/WxRightSidePanel.vue?vue&type=style&index=0&scoped=f37436f0&lang.css → 304 (?ms, ?B)
[2026-03-28T01:02:11.195Z] GET http://localhost:5173/src/components/layout/WxMessageDropdown.vue?vue&type=style&index=0&scoped=9df425b8&lang.css → 304 (2ms, ?B)
[2026-03-28T01:02:11.195Z] GET http://localhost:5173/src/components/layout/WxUserMenu.vue?vue&type=style&index=0&scoped=a290fe4a&lang.css → 304 (2ms, ?B)
[2026-03-28T01:02:24.862Z] GET http://localhost:5173/errors/404 → 200 (4ms, 740B)
[2026-03-28T01:02:24.870Z] GET http://localhost:5173/@vite/client → 304 (1ms, ?B)
[2026-03-28T01:02:24.871Z] GET https://fonts.googleapis.com/css2?family=Inter:wght@300;400;500;600;700;800;900&family=JetBrains+Mono:wght@400;500;600;700&display=swap → 200 (?ms, 27241B)
[2026-03-28T01:02:24.871Z] GET http://localhost:5173/src/main.ts?t=1774658764060 → 304 (1ms, ?B)
[2026-03-28T01:02:24.873Z] GET https://fonts.gstatic.com/s/inter/v20/UcC73FwrK3iLTeHuS_nVMrMxCp50SjIa1ZL7.woff2 → 200 (?ms, ?B)
[2026-03-28T01:02:24.873Z] GET http://localhost:5173/node_modules/vite/dist/client/env.mjs → 304 (5ms, ?B)
[2026-03-28T01:02:24.874Z] GET http://localhost:5173/node_modules/.vite/deps/vue.js?v=43e7f08c → 200 (1ms, 25891B)
[2026-03-28T01:02:24.875Z] GET http://localhost:5173/node_modules/.vite/deps/pinia.js?v=43e7f08c → 200 (?ms, 152273B)
[2026-03-28T01:02:24.875Z] GET http://localhost:5173/src/App.vue → 304 (3ms, ?B)
[2026-03-28T01:02:24.875Z] GET http://localhost:5173/src/router/index.ts?t=1774658764060 → 304 (6ms, ?B)
[2026-03-28T01:02:24.875Z] GET http://localhost:5173/src/assets/styles/tokens.css?t=1774658764060 → 304 (6ms, ?B)
[2026-03-28T01:02:24.875Z] GET http://localhost:5173/node_modules/.vite/deps/vue.runtime.esm-bundler-Cg9CpxwA.js?v=43e7f08c → 200 (?ms, 321650B)
[2026-03-28T01:02:24.880Z] GET http://localhost:5173/src/stores/theme.ts → 304 (3ms, ?B)
[2026-03-28T01:02:24.880Z] GET http://localhost:5173/src/components/ui/WxToast.vue → 304 (3ms, ?B)
[2026-03-28T01:02:24.880Z] GET http://localhost:5173/@id/__x00__plugin-vue:export-helper → 304 (3ms, ?B)
[2026-03-28T01:02:24.881Z] GET http://localhost:5173/node_modules/.vite/deps/vue-router.js?v=43e7f08c → 200 (?ms, 105451B)
[2026-03-28T01:02:24.883Z] GET http://localhost:5173/node_modules/.vite/deps/lucide-vue-next.js?v=43e7f08c → 200 (?ms, 1243293B)
[2026-03-28T01:02:24.884Z] GET http://localhost:5173/src/composables/useToast.ts → 304 (?ms, ?B)
[2026-03-28T01:02:24.884Z] GET http://localhost:5173/src/components/ui/WxToast.vue?vue&type=style&index=0&scoped=10b2b8a4&lang.css → 304 (?ms, ?B)
[2026-03-28T01:02:24.884Z] GET http://localhost:5173/src/stores/toast.ts → 304 (1ms, ?B)
[2026-03-28T01:02:24.893Z] GET http://localhost:5173/src/layouts/BlankLayout.vue → 200 (24ms, 1953B)
[2026-03-28T01:02:24.893Z] GET http://localhost:5173/src/views/errors/Error404View.vue → 200 (25ms, 9968B)
[2026-03-28T01:02:24.918Z] GET http://localhost:5173/src/components/ui/WxInput.vue → 200 (?ms, 8734B)
[2026-03-28T01:02:24.918Z] GET http://localhost:5173/src/components/ui/WxButton.vue → 304 (?ms, ?B)
[2026-03-28T01:02:43.848Z] GET http://localhost:5173/dashboard/v1 → 200 (3ms, 740B)
[2026-03-28T01:02:43.856Z] GET http://localhost:5173/@vite/client → 200 (7ms, 204467B)
[2026-03-28T01:02:43.856Z] GET https://fonts.googleapis.com/css2?family=Inter:wght@300;400;500;600;700;800;900&family=JetBrains+Mono:wght@400;500;600;700&display=swap → 200 (?ms, 27241B)
[2026-03-28T01:02:43.857Z] GET http://localhost:5173/src/main.ts?t=1774658764060 → 200 (1ms, 1114B)
[2026-03-28T01:02:43.860Z] GET http://localhost:5173/node_modules/.vite/deps/vue.js?v=43e7f08c → 200 (?ms, 25891B)
[2026-03-28T01:02:43.860Z] GET http://localhost:5173/node_modules/.vite/deps/pinia.js?v=43e7f08c → 200 (?ms, 152273B)
[2026-03-28T01:02:43.861Z] GET http://localhost:5173/src/App.vue → 200 (2ms, 2688B)
[2026-03-28T01:02:43.861Z] GET http://localhost:5173/src/router/index.ts?t=1774658764060 → 200 (6ms, 25451B)
[2026-03-28T01:02:43.861Z] GET http://localhost:5173/src/assets/styles/tokens.css?t=1774658764060 → 200 (6ms, 143353B)
[2026-03-28T01:02:43.861Z] GET http://localhost:5173/node_modules/.vite/deps/vue.runtime.esm-bundler-Cg9CpxwA.js?v=43e7f08c → 200 (?ms, 321650B)
[2026-03-28T01:02:43.863Z] GET http://localhost:5173/node_modules/vite/dist/client/env.mjs → 200 (3ms, 3895B)
[2026-03-28T01:02:43.866Z] GET http://localhost:5173/src/stores/theme.ts → 200 (1ms, 2377B)
[2026-03-28T01:02:43.866Z] GET http://localhost:5173/src/components/ui/WxToast.vue → 200 (4ms, 9327B)
[2026-03-28T01:02:43.866Z] GET http://localhost:5173/@id/__x00__plugin-vue:export-helper → 200 (2ms, 1074B)
[2026-03-28T01:02:43.867Z] GET http://localhost:5173/node_modules/.vite/deps/vue-router.js?v=43e7f08c → 200 (?ms, 105451B)
[2026-03-28T01:02:43.871Z] GET http://localhost:5173/node_modules/.vite/deps/lucide-vue-next.js?v=43e7f08c → 200 (?ms, 1243293B)
[2026-03-28T01:02:43.871Z] GET http://localhost:5173/src/composables/useToast.ts → 200 (?ms, 2015B)
[2026-03-28T01:02:43.871Z] GET http://localhost:5173/src/components/ui/WxToast.vue?vue&type=style&index=0&scoped=10b2b8a4&lang.css → 200 (?ms, 1011B)
[2026-03-28T01:02:43.871Z] GET http://localhost:5173/src/stores/toast.ts → 200 (1ms, 2559B)
[2026-03-28T01:02:43.883Z] GET http://localhost:5173/src/layouts/DefaultLayout.vue?t=1774658011316 → 200 (36ms, 18393B)
[2026-03-28T01:02:43.883Z] GET http://localhost:5173/src/views/dashboard/DashboardV1.vue → 200 (36ms, 17942B)
[2026-03-28T01:02:43.884Z] GET https://fonts.gstatic.com/s/inter/v20/UcC73FwrK3iLTeHuS_nVMrMxCp50SjIa1ZL7.woff2 → 200 (?ms, ?B)
[2026-03-28T01:02:43.920Z] GET http://localhost:5173/src/stores/sidebar.ts → 200 (?ms, 4003B)
[2026-03-28T01:02:43.920Z] GET http://localhost:5173/src/stores/ui.ts → 200 (4ms, 4362B)
[2026-03-28T01:02:43.920Z] GET http://localhost:5173/src/components/layout/WxSideNav.vue → 200 (5ms, 45362B)
[2026-03-28T01:02:43.920Z] GET http://localhost:5173/src/components/layout/WxThemeToggle.vue → 200 (5ms, 4678B)
[2026-03-28T01:02:43.920Z] GET http://localhost:5173/src/components/layout/WxNotificationDropdown.vue?t=1774657997574 → 200 (6ms, 13552B)
[2026-03-28T01:02:43.920Z] GET http://localhost:5173/src/components/layout/WxMessageDropdown.vue?t=1774658005341 → 200 (6ms, 13282B)
[2026-03-28T01:02:43.920Z] GET http://localhost:5173/src/components/layout/WxUserMenu.vue?t=1774658011316 → 200 (6ms, 11522B)
[2026-03-28T01:02:43.920Z] GET http://localhost:5173/src/components/layout/WxFooter.vue → 200 (6ms, 2862B)
[2026-03-28T01:02:43.920Z] GET http://localhost:5173/src/components/layout/WxRightSidePanel.vue → 200 (10ms, 19953B)
[2026-03-28T01:02:43.920Z] GET http://localhost:5173/src/layouts/DefaultLayout.vue?vue&type=style&index=0&scoped=75d0be1e&lang.css → 200 (10ms, 795B)
[2026-03-28T01:02:43.920Z] GET http://localhost:5173/src/components/ui/WxPageHeader.vue → 200 (10ms, 4516B)
[2026-03-28T01:02:43.920Z] GET http://localhost:5173/src/components/ui/WxStatCard.vue → 200 (10ms, 6706B)
[2026-03-28T01:02:43.920Z] GET http://localhost:5173/src/components/ui/WxCard.vue → 200 (11ms, 4316B)
[2026-03-28T01:02:43.920Z] GET http://localhost:5173/src/components/ui/WxBadge.vue → 200 (11ms, 7283B)
[2026-03-28T01:02:43.925Z] GET http://localhost:5173/src/components/layout/WxSideNav.vue?vue&type=style&index=0&scoped=f1976a2d&lang.css → 200 (6ms, 1113B)
[2026-03-28T01:02:43.925Z] GET http://localhost:5173/src/components/layout/WxThemeToggle.vue?vue&type=style&index=0&scoped=0923dcd7&lang.css → 200 (6ms, 960B)
[2026-03-28T01:02:43.926Z] GET http://localhost:5173/src/components/layout/WxNotificationDropdown.vue?vue&type=style&index=0&scoped=6a5c3ddf&lang.css → 200 (5ms, 904B)
[2026-03-28T01:02:43.930Z] GET http://localhost:5173/src/components/layout/WxUserMenu.vue?vue&type=style&index=0&scoped=a290fe4a&lang.css → 200 (1ms, 880B)
[2026-03-28T01:02:43.930Z] GET http://localhost:5173/src/components/layout/WxMessageDropdown.vue?vue&type=style&index=0&scoped=9df425b8&lang.css → 200 (2ms, 894B)
[2026-03-28T01:02:43.930Z] GET http://localhost:5173/src/components/layout/WxRightSidePanel.vue?vue&type=style&index=0&scoped=f37436f0&lang.css → 200 (2ms, 1047B)
